<?xml version="1.0" encoding="UTF-8"?>
<!-- Generated by org.testng.reporters.JUnitXMLReporter -->
<testsuite hostname="Chaus-MacBook-Pro.local" name="Default test" tests="3" failures="0" timestamp="8 Mar 2015 14:35:37 GMT" time="82.73" errors="0">
  <testcase name="test_User_Can_Create_Issue" time="21.456" classname="tests.TestCreateUpdateSearchIssue"/>
  <testcase name="test_User_Can_Update_Issue" time="17.799" classname="tests.TestCreateUpdateSearchIssue"/>
  <testcase name="test_User_Can_Search_Issue_By_Issue_ID" time="6.381" classname="tests.TestCreateUpdateSearchIssue"/>
</testsuite> <!-- Default test -->
