<?xml version="1.0" encoding="UTF-8"?>
<!-- Generated by org.testng.reporters.JUnitXMLReporter -->
<testsuite hostname="Chaus-MacBook-Pro.local" name="test create update and search jira issue" tests="3" failures="0" timestamp="8 Mar 2015 14:47:45 GMT" time="81.351" errors="0">
  <testcase name="test_User_Can_Create_Issue" time="22.572" classname="tests.TestCreateUpdateSearchIssue"/>
  <testcase name="test_User_Can_Update_Issue" time="17.324" classname="tests.TestCreateUpdateSearchIssue"/>
  <testcase name="test_User_Can_Search_Issue_By_Issue_ID" time="6.592" classname="tests.TestCreateUpdateSearchIssue"/>
</testsuite> <!-- test create update and search jira issue -->
