<?xml version="1.0" encoding="UTF-8"?>
<testng-results skipped="0" failed="0" total="6" passed="6">
  <reporter-output>
  </reporter-output>
  <suite name="JiraTest" duration-ms="166011" started-at="2015-03-08T14:46:23Z" finished-at="2015-03-08T14:49:09Z">
    <groups>
    </groups>
    <test name="test create update and search jira issue" duration-ms="81351" started-at="2015-03-08T14:46:23Z" finished-at="2015-03-08T14:47:44Z">
      <class name="tests.TestCreateUpdateSearchIssue">
        <test-method status="PASS" signature="setupTest()[pri:0, instance:tests.TestCreateUpdateSearchIssue@d1af848]" name="setupTest" is-config="true" duration-ms="20318" started-at="2015-03-08T21:46:23Z" finished-at="2015-03-08T21:46:43Z">
          <reporter-output>
          </reporter-output>
        </test-method> <!-- setupTest -->
        <test-method status="PASS" signature="setup()[pri:0, instance:tests.TestCreateUpdateSearchIssue@d1af848]" name="setup" is-config="true" duration-ms="14230" started-at="2015-03-08T21:46:43Z" finished-at="2015-03-08T21:46:57Z">
          <reporter-output>
          </reporter-output>
        </test-method> <!-- setup -->
        <test-method status="PASS" signature="test_User_Can_Create_Issue()[pri:0, instance:tests.TestCreateUpdateSearchIssue@d1af848]" name="test_User_Can_Create_Issue" duration-ms="22572" started-at="2015-03-08T21:46:57Z" finished-at="2015-03-08T21:47:20Z">
          <reporter-output>
          </reporter-output>
        </test-method> <!-- test_User_Can_Create_Issue -->
        <test-method status="PASS" signature="test_User_Can_Update_Issue()[pri:0, instance:tests.TestCreateUpdateSearchIssue@d1af848]" name="test_User_Can_Update_Issue" duration-ms="17324" started-at="2015-03-08T21:47:20Z" finished-at="2015-03-08T21:47:37Z">
          <reporter-output>
          </reporter-output>
        </test-method> <!-- test_User_Can_Update_Issue -->
        <test-method status="PASS" signature="test_User_Can_Search_Issue_By_Issue_ID()[pri:0, instance:tests.TestCreateUpdateSearchIssue@d1af848]" name="test_User_Can_Search_Issue_By_Issue_ID" duration-ms="6592" started-at="2015-03-08T21:47:37Z" finished-at="2015-03-08T21:47:44Z">
          <reporter-output>
          </reporter-output>
        </test-method> <!-- test_User_Can_Search_Issue_By_Issue_ID -->
        <test-method status="PASS" signature="tearDownTest()[pri:0, instance:tests.TestCreateUpdateSearchIssue@d1af848]" name="tearDownTest" is-config="true" duration-ms="303" started-at="2015-03-08T21:47:44Z" finished-at="2015-03-08T21:47:44Z">
          <reporter-output>
          </reporter-output>
        </test-method> <!-- tearDownTest -->
      </class> <!-- tests.TestCreateUpdateSearchIssue -->
    </test> <!-- test create update and search jira issue -->
    <test name="test create update and search jira issue with pagefactory" duration-ms="84131" started-at="2015-03-08T14:47:45Z" finished-at="2015-03-08T14:49:09Z">
      <class name="tests.TestCreateUpdateSearchIssueWithPageFactory">
        <test-method status="PASS" signature="setupTest()[pri:0, instance:tests.TestCreateUpdateSearchIssueWithPageFactory@5abce07]" name="setupTest" is-config="true" duration-ms="19043" started-at="2015-03-08T21:47:45Z" finished-at="2015-03-08T21:48:04Z">
          <reporter-output>
          </reporter-output>
        </test-method> <!-- setupTest -->
        <test-method status="PASS" signature="setup()[pri:0, instance:tests.TestCreateUpdateSearchIssueWithPageFactory@5abce07]" name="setup" is-config="true" duration-ms="13004" started-at="2015-03-08T21:48:04Z" finished-at="2015-03-08T21:48:17Z">
          <reporter-output>
          </reporter-output>
        </test-method> <!-- setup -->
        <test-method status="PASS" signature="test_User_Can_Create_Issue()[pri:0, instance:tests.TestCreateUpdateSearchIssueWithPageFactory@5abce07]" name="test_User_Can_Create_Issue" duration-ms="23510" started-at="2015-03-08T21:48:17Z" finished-at="2015-03-08T21:48:40Z">
          <reporter-output>
          </reporter-output>
        </test-method> <!-- test_User_Can_Create_Issue -->
        <test-method status="PASS" signature="test_User_Can_Update_Issue()[pri:0, instance:tests.TestCreateUpdateSearchIssueWithPageFactory@5abce07]" name="test_User_Can_Update_Issue" duration-ms="21365" started-at="2015-03-08T21:48:40Z" finished-at="2015-03-08T21:49:02Z">
          <reporter-output>
          </reporter-output>
        </test-method> <!-- test_User_Can_Update_Issue -->
        <test-method status="PASS" signature="test_User_Can_Search_Issue_By_Issue_ID()[pri:0, instance:tests.TestCreateUpdateSearchIssueWithPageFactory@5abce07]" name="test_User_Can_Search_Issue_By_Issue_ID" duration-ms="7008" started-at="2015-03-08T21:49:02Z" finished-at="2015-03-08T21:49:09Z">
          <reporter-output>
          </reporter-output>
        </test-method> <!-- test_User_Can_Search_Issue_By_Issue_ID -->
        <test-method status="PASS" signature="tearDownTest()[pri:0, instance:tests.TestCreateUpdateSearchIssueWithPageFactory@5abce07]" name="tearDownTest" is-config="true" duration-ms="197" started-at="2015-03-08T21:49:09Z" finished-at="2015-03-08T21:49:09Z">
          <reporter-output>
          </reporter-output>
        </test-method> <!-- tearDownTest -->
      </class> <!-- tests.TestCreateUpdateSearchIssueWithPageFactory -->
    </test> <!-- test create update and search jira issue with pagefactory -->
  </suite> <!-- JiraTest -->
</testng-results>
